<?xml version="1.0" encoding="UTF-8"?>
<testsuite xmlns:xsi="http://www.w3.org/2001/XMLSchema-instance" xsi:noNamespaceSchemaLocation="https://maven.apache.org/surefire/maven-surefire-plugin/xsd/surefire-test-report-3.0.xsd" version="3.0" name="TestRunner" time="9.701" tests="1" errors="0" skipped="0" failures="1">
  <properties>
[...]
</properties>
  <testcase name="runScenario[&quot;Student should be able to login with valid credentials&quot;, &quot;Login&quot;](1)" classname="TestRunner" time="8.05">
    <failure message="expected [Student Information - Fail] but found [Student Information]" type="java.lang.AssertionError"><![CDATA[java.lang.AssertionError: expected [Student Information - Fail] but found [Student Information]
	at org.testng.Assert.fail(Assert.java:111)
	at org.testng.Assert.failNotEquals(Assert.java:1578)
	at org.testng.Assert.assertEqualsImpl(Assert.java:150)
	at org.testng.Assert.assertEquals(Assert.java:132)
	at org.testng.Assert.assertEquals(Assert.java:656)
	at org.testng.Assert.assertEquals(Assert.java:666)
	at stepDef.Login_steps.studentShouldBeSuccessfullyLoginButFailingOnPurpose(Login_steps.java:66)
	at ✽.student should be successfully login but failing on purpose(file:///Users/hbhuiyan/Documents/TalentTEK/GitStuff/CucumberOnline3x_March24/src/test/java/features/login.feature:25)
]]></failure>
    <system-err><![CDATA[SLF4J: Failed to load class "org.slf4j.impl.StaticLoggerBinder".
SLF4J: Defaulting to no-operation (NOP) logger implementation
SLF4J: See http://www.slf4j.org/codes.html#StaticLoggerBinder for further details.
May 02, 2024 8:49:24 PM org.openqa.selenium.devtools.CdpVersionFinder findNearestMatch
WARNING: Unable to find an exact match for CDP version 124, returning the closest version; found: 122; Please update to a Selenium version that supports CDP version 124
]]></system-err>
  </testcase>
</testsuite>